Starting session
[2025-02-09 18:51:56] Pygame initialised skibidi
[2025-02-09 18:51:56] game is initiated
[2025-02-09 18:51:56] created game instance 
[2025-02-09 18:51:56] LOADASSETS
[2025-02-09 18:51:56] UPDATE
[2025-02-09 18:51:56] RENDER
[2025-02-09 18:51:56] skbidi toilet loves 0.011
[2025-02-09 18:51:56] UPDATE
[2025-02-09 18:51:56] RENDER
[2025-02-09 18:51:56] skbidi toilet loves 0.058
[2025-02-09 18:51:56] UPDATE
[2025-02-09 18:51:56] RENDER
[2025-02-09 18:51:56] skbidi toilet loves 0.011
[2025-02-09 18:51:56] UPDATE
[2025-02-09 18:51:56] RENDER
[2025-02-09 18:51:56] skbidi toilet loves 0.011
[2025-02-09 18:51:56] UPDATE
[2025-02-09 18:51:56] RENDER
[2025-02-09 18:51:56] skbidi toilet loves 0.011
[2025-02-09 18:51:56] UPDATE
[2025-02-09 18:51:56] RENDER
[2025-02-09 18:51:56] skbidi toilet loves 0.011
[2025-02-09 18:51:56] UPDATE
[2025-02-09 18:51:56] RENDER
[2025-02-09 18:51:56] skbidi toilet loves 0.011
[2025-02-09 18:51:56] UPDATE
[2025-02-09 18:51:56] RENDER
[2025-02-09 18:51:56] skbidi toilet loves 0.011
[2025-02-09 18:51:56] UPDATE
[2025-02-09 18:51:56] RENDER
[2025-02-09 18:51:56] skbidi toilet loves 0.01
[2025-02-09 18:51:56] UPDATE
[2025-02-09 18:51:56] RENDER
[2025-02-09 18:51:56] skbidi toilet loves 0.011
[2025-02-09 18:51:56] UPDATE
[2025-02-09 18:51:56] RENDER
[2025-02-09 18:51:56] skbidi toilet loves 0.011
[2025-02-09 18:51:56] UPDATE
[2025-02-09 18:51:56] RENDER
[2025-02-09 18:51:56] skbidi toilet loves 0.011
[2025-02-09 18:51:56] UPDATE
[2025-02-09 18:51:56] RENDER
[2025-02-09 18:51:56] skbidi toilet loves 0.011
[2025-02-09 18:51:56] UPDATE
[2025-02-09 18:51:56] RENDER
[2025-02-09 18:51:56] skbidi toilet loves 0.011
[2025-02-09 18:51:56] UPDATE
[2025-02-09 18:51:56] RENDER
[2025-02-09 18:51:56] skbidi toilet loves 0.011
[2025-02-09 18:51:56] UPDATE
[2025-02-09 18:51:56] RENDER
[2025-02-09 18:51:56] skbidi toilet loves 0.011
[2025-02-09 18:51:56] UPDATE
[2025-02-09 18:51:56] RENDER
[2025-02-09 18:51:56] skbidi toilet loves 0.01
[2025-02-09 18:51:56] UPDATE
[2025-02-09 18:51:56] RENDER
[2025-02-09 18:51:56] skbidi toilet loves 0.011
[2025-02-09 18:51:56] UPDATE
[2025-02-09 18:51:56] RENDER
[2025-02-09 18:51:56] skbidi toilet loves 0.01
[2025-02-09 18:51:56] UPDATE
[2025-02-09 18:51:56] RENDER
[2025-02-09 18:51:56] skbidi toilet loves 0.011
[2025-02-09 18:51:56] UPDATE
[2025-02-09 18:51:56] RENDER
[2025-02-09 18:51:56] skbidi toilet loves 0.01
[2025-02-09 18:51:56] UPDATE
[2025-02-09 18:51:56] RENDER
[2025-02-09 18:51:56] skbidi toilet loves 0.01
[2025-02-09 18:51:56] UPDATE
[2025-02-09 18:51:56] RENDER
[2025-02-09 18:51:56] skbidi toilet loves 0.011
[2025-02-09 18:51:56] UPDATE
[2025-02-09 18:51:56] RENDER
[2025-02-09 18:51:56] skbidi toilet loves 0.011
[2025-02-09 18:51:56] UPDATE
[2025-02-09 18:51:56] RENDER
[2025-02-09 18:51:56] skbidi toilet loves 0.01
[2025-02-09 18:51:56] UPDATE
[2025-02-09 18:51:56] RENDER
[2025-02-09 18:51:56] skbidi toilet loves 0.011
[2025-02-09 18:51:56] UPDATE
[2025-02-09 18:51:56] RENDER
[2025-02-09 18:51:56] skbidi toilet loves 0.01
[2025-02-09 18:51:56] UPDATE
[2025-02-09 18:51:56] RENDER
[2025-02-09 18:51:56] skbidi toilet loves 0.011
[2025-02-09 18:51:56] UPDATE
[2025-02-09 18:51:56] RENDER
[2025-02-09 18:51:56] skbidi toilet loves 0.011
[2025-02-09 18:51:56] UPDATE
[2025-02-09 18:51:56] RENDER
[2025-02-09 18:51:56] skbidi toilet loves 0.01
[2025-02-09 18:51:56] UPDATE
[2025-02-09 18:51:56] RENDER
[2025-02-09 18:51:56] skbidi toilet loves 0.011
[2025-02-09 18:51:57] UPDATE
[2025-02-09 18:51:57] RENDER
[2025-02-09 18:51:57] skbidi toilet loves 0.01
[2025-02-09 18:51:57] UPDATE
[2025-02-09 18:51:57] RENDER
[2025-02-09 18:51:57] skbidi toilet loves 0.01
[2025-02-09 18:51:57] UPDATE
[2025-02-09 18:51:57] RENDER
[2025-02-09 18:51:57] skbidi toilet loves 0.011
[2025-02-09 18:51:57] UPDATE
[2025-02-09 18:51:57] RENDER
[2025-02-09 18:51:57] skbidi toilet loves 0.011
[2025-02-09 18:51:57] UPDATE
[2025-02-09 18:51:57] RENDER
[2025-02-09 18:51:57] skbidi toilet loves 0.01
[2025-02-09 18:51:57] UPDATE
[2025-02-09 18:51:57] RENDER
[2025-02-09 18:51:57] skbidi toilet loves 0.011
[2025-02-09 18:51:57] UPDATE
[2025-02-09 18:51:57] RENDER
[2025-02-09 18:51:57] skbidi toilet loves 0.011
[2025-02-09 18:51:57] UPDATE
[2025-02-09 18:51:57] RENDER
[2025-02-09 18:51:57] skbidi toilet loves 0.01
[2025-02-09 18:51:57] UPDATE
[2025-02-09 18:51:57] RENDER
[2025-02-09 18:51:57] skbidi toilet loves 0.011
[2025-02-09 18:51:57] UPDATE
[2025-02-09 18:51:57] RENDER
[2025-02-09 18:51:57] skbidi toilet loves 0.011
[2025-02-09 18:51:57] UPDATE
[2025-02-09 18:51:57] RENDER
[2025-02-09 18:51:57] skbidi toilet loves 0.01
[2025-02-09 18:51:57] UPDATE
[2025-02-09 18:51:57] RENDER
[2025-02-09 18:51:57] skbidi toilet loves 0.011
[2025-02-09 18:51:57] UPDATE
[2025-02-09 18:51:57] RENDER
[2025-02-09 18:51:57] skbidi toilet loves 0.011
[2025-02-09 18:51:57] UPDATE
[2025-02-09 18:51:57] RENDER
[2025-02-09 18:51:57] skbidi toilet loves 0.01
[2025-02-09 18:51:57] UPDATE
[2025-02-09 18:51:57] RENDER
[2025-02-09 18:51:57] skbidi toilet loves 0.011
[2025-02-09 18:51:57] UPDATE
[2025-02-09 18:51:57] RENDER
[2025-02-09 18:51:57] skbidi toilet loves 0.011
[2025-02-09 18:51:57] UPDATE
[2025-02-09 18:51:57] RENDER
[2025-02-09 18:51:57] skbidi toilet loves 0.01
[2025-02-09 18:51:57] UPDATE
[2025-02-09 18:51:57] RENDER
[2025-02-09 18:51:57] skbidi toilet loves 0.011
[2025-02-09 18:51:57] UPDATE
[2025-02-09 18:51:57] RENDER
[2025-02-09 18:51:57] skbidi toilet loves 0.01
[2025-02-09 18:51:57] UPDATE
[2025-02-09 18:51:57] RENDER
[2025-02-09 18:51:57] skbidi toilet loves 0.011
[2025-02-09 18:51:57] UPDATE
[2025-02-09 18:51:57] RENDER
[2025-02-09 18:51:57] skbidi toilet loves 0.01
[2025-02-09 18:51:57] UPDATE
[2025-02-09 18:51:57] RENDER
[2025-02-09 18:51:57] skbidi toilet loves 0.011
[2025-02-09 18:51:57] UPDATE
[2025-02-09 18:51:57] RENDER
[2025-02-09 18:51:57] skbidi toilet loves 0.01
[2025-02-09 18:51:57] UPDATE
[2025-02-09 18:51:57] RENDER
[2025-02-09 18:51:57] skbidi toilet loves 0.011
[2025-02-09 18:51:57] UPDATE
[2025-02-09 18:51:57] RENDER
[2025-02-09 18:51:57] skbidi toilet loves 0.01
[2025-02-09 18:51:57] UPDATE
[2025-02-09 18:51:57] RENDER
[2025-02-09 18:51:57] skbidi toilet loves 0.01
[2025-02-09 18:51:57] UPDATE
[2025-02-09 18:51:57] RENDER
[2025-02-09 18:51:57] skbidi toilet loves 0.011
[2025-02-09 18:51:57] UPDATE
[2025-02-09 18:51:57] RENDER
[2025-02-09 18:51:57] skbidi toilet loves 0.01
[2025-02-09 18:51:57] UPDATE
[2025-02-09 18:51:57] RENDER
[2025-02-09 18:51:57] skbidi toilet loves 0.011
[2025-02-09 18:51:57] UPDATE
[2025-02-09 18:51:57] RENDER
[2025-02-09 18:51:57] skbidi toilet loves 0.01
[2025-02-09 18:51:57] UPDATE
[2025-02-09 18:51:57] RENDER
[2025-02-09 18:51:57] skbidi toilet loves 0.011
[2025-02-09 18:51:57] UPDATE
[2025-02-09 18:51:57] RENDER
[2025-02-09 18:51:57] skbidi toilet loves 0.011
[2025-02-09 18:51:57] UPDATE
[2025-02-09 18:51:57] RENDER
[2025-02-09 18:51:57] skbidi toilet loves 0.01
[2025-02-09 18:51:57] UPDATE
[2025-02-09 18:51:57] RENDER
[2025-02-09 18:51:57] skbidi toilet loves 0.011
[2025-02-09 18:51:57] UPDATE
[2025-02-09 18:51:57] RENDER
[2025-02-09 18:51:57] skbidi toilet loves 0.011
[2025-02-09 18:51:57] UPDATE
[2025-02-09 18:51:57] RENDER
[2025-02-09 18:51:57] skbidi toilet loves 0.01
[2025-02-09 18:51:57] UPDATE
[2025-02-09 18:51:57] RENDER
[2025-02-09 18:51:57] skbidi toilet loves 0.011
[2025-02-09 18:51:57] UPDATE
[2025-02-09 18:51:57] RENDER
[2025-02-09 18:51:57] skbidi toilet loves 0.011
[2025-02-09 18:51:57] UPDATE
[2025-02-09 18:51:57] RENDER
[2025-02-09 18:51:57] skbidi toilet loves 0.011
[2025-02-09 18:51:57] UPDATE
[2025-02-09 18:51:57] RENDER
[2025-02-09 18:51:57] skbidi toilet loves 0.01
[2025-02-09 18:51:57] UPDATE
[2025-02-09 18:51:57] RENDER
[2025-02-09 18:51:57] skbidi toilet loves 0.011
[2025-02-09 18:51:57] UPDATE
[2025-02-09 18:51:57] RENDER
[2025-02-09 18:51:57] skbidi toilet loves 0.01
[2025-02-09 18:51:57] UPDATE
[2025-02-09 18:51:57] RENDER
[2025-02-09 18:51:57] skbidi toilet loves 0.01
[2025-02-09 18:51:57] UPDATE
[2025-02-09 18:51:57] RENDER
[2025-02-09 18:51:57] skbidi toilet loves 0.01
[2025-02-09 18:51:57] UPDATE
[2025-02-09 18:51:57] RENDER
[2025-02-09 18:51:57] skbidi toilet loves 0.011
[2025-02-09 18:51:57] UPDATE
[2025-02-09 18:51:57] RENDER
[2025-02-09 18:51:57] skbidi toilet loves 0.011
[2025-02-09 18:51:57] UPDATE
[2025-02-09 18:51:57] RENDER
[2025-02-09 18:51:57] skbidi toilet loves 0.011
[2025-02-09 18:51:57] UPDATE
[2025-02-09 18:51:57] RENDER
[2025-02-09 18:51:57] skbidi toilet loves 0.011
[2025-02-09 18:51:57] UPDATE
[2025-02-09 18:51:57] RENDER
[2025-02-09 18:51:57] skbidi toilet loves 0.01
[2025-02-09 18:51:57] UPDATE
[2025-02-09 18:51:57] RENDER
[2025-02-09 18:51:57] skbidi toilet loves 0.011
[2025-02-09 18:51:57] UPDATE
[2025-02-09 18:51:57] RENDER
[2025-02-09 18:51:57] skbidi toilet loves 0.011
[2025-02-09 18:51:57] UPDATE
[2025-02-09 18:51:57] RENDER
[2025-02-09 18:51:57] skbidi toilet loves 0.01
[2025-02-09 18:51:57] UPDATE
[2025-02-09 18:51:57] RENDER
[2025-02-09 18:51:57] skbidi toilet loves 0.01
[2025-02-09 18:51:57] UPDATE
[2025-02-09 18:51:57] RENDER
[2025-02-09 18:51:57] skbidi toilet loves 0.011
[2025-02-09 18:51:57] UPDATE
[2025-02-09 18:51:57] RENDER
[2025-02-09 18:51:57] skbidi toilet loves 0.01
[2025-02-09 18:51:57] UPDATE
[2025-02-09 18:51:57] RENDER
[2025-02-09 18:51:57] skbidi toilet loves 0.011
[2025-02-09 18:51:57] UPDATE
[2025-02-09 18:51:57] RENDER
[2025-02-09 18:51:57] skbidi toilet loves 0.011
[2025-02-09 18:51:57] UPDATE
[2025-02-09 18:51:57] RENDER
[2025-02-09 18:51:57] skbidi toilet loves 0.011
[2025-02-09 18:51:57] UPDATE
[2025-02-09 18:51:57] RENDER
[2025-02-09 18:51:57] skbidi toilet loves 0.011
[2025-02-09 18:51:57] UPDATE
[2025-02-09 18:51:57] RENDER
[2025-02-09 18:51:57] skbidi toilet loves 0.01
[2025-02-09 18:51:57] UPDATE
[2025-02-09 18:51:57] RENDER
[2025-02-09 18:51:57] skbidi toilet loves 0.011
[2025-02-09 18:51:57] UPDATE
[2025-02-09 18:51:57] RENDER
[2025-02-09 18:51:57] skbidi toilet loves 0.01
[2025-02-09 18:51:57] UPDATE
[2025-02-09 18:51:57] RENDER
[2025-02-09 18:51:57] skbidi toilet loves 0.01
[2025-02-09 18:51:57] UPDATE
[2025-02-09 18:51:57] RENDER
[2025-02-09 18:51:57] skbidi toilet loves 0.011
[2025-02-09 18:51:57] UPDATE
[2025-02-09 18:51:57] RENDER
[2025-02-09 18:51:57] skbidi toilet loves 0.01
[2025-02-09 18:51:57] UPDATE
[2025-02-09 18:51:57] RENDER
[2025-02-09 18:51:57] skbidi toilet loves 0.011
[2025-02-09 18:51:57] UPDATE
[2025-02-09 18:51:57] RENDER
[2025-02-09 18:51:57] skbidi toilet loves 0.01
[2025-02-09 18:51:57] UPDATE
[2025-02-09 18:51:57] RENDER
[2025-02-09 18:51:57] skbidi toilet loves 0.01
[2025-02-09 18:51:57] UPDATE
[2025-02-09 18:51:57] RENDER
[2025-02-09 18:51:57] skbidi toilet loves 0.011
[2025-02-09 18:51:57] UPDATE
[2025-02-09 18:51:57] RENDER
[2025-02-09 18:51:57] skbidi toilet loves 0.011
[2025-02-09 18:51:57] UPDATE
[2025-02-09 18:51:57] RENDER
[2025-02-09 18:51:57] skbidi toilet loves 0.011
[2025-02-09 18:51:57] UPDATE
[2025-02-09 18:51:57] RENDER
[2025-02-09 18:51:57] skbidi toilet loves 0.012
[2025-02-09 18:51:57] UPDATE
[2025-02-09 18:51:57] RENDER
[2025-02-09 18:51:57] skbidi toilet loves 0.011
[2025-02-09 18:51:57] UPDATE
[2025-02-09 18:51:57] RENDER
[2025-02-09 18:51:57] skbidi toilet loves 0.01
[2025-02-09 18:51:57] UPDATE
[2025-02-09 18:51:57] RENDER
[2025-02-09 18:51:57] skbidi toilet loves 0.011
[2025-02-09 18:51:57] UPDATE
[2025-02-09 18:51:57] RENDER
[2025-02-09 18:51:57] skbidi toilet loves 0.01
[2025-02-09 18:51:57] UPDATE
[2025-02-09 18:51:57] RENDER
[2025-02-09 18:51:57] skbidi toilet loves 0.011
[2025-02-09 18:51:57] UPDATE
[2025-02-09 18:51:57] RENDER
[2025-02-09 18:51:57] skbidi toilet loves 0.01
[2025-02-09 18:51:57] UPDATE
[2025-02-09 18:51:57] RENDER
[2025-02-09 18:51:57] skbidi toilet loves 0.01
[2025-02-09 18:51:57] UPDATE
[2025-02-09 18:51:57] RENDER
[2025-02-09 18:51:57] skbidi toilet loves 0.012
[2025-02-09 18:51:57] UPDATE
[2025-02-09 18:51:57] RENDER
[2025-02-09 18:51:57] skbidi toilet loves 0.01
[2025-02-09 18:51:57] UPDATE
[2025-02-09 18:51:57] RENDER
[2025-02-09 18:51:57] skbidi toilet loves 0.011
[2025-02-09 18:51:57] UPDATE
[2025-02-09 18:51:57] RENDER
[2025-02-09 18:51:57] skbidi toilet loves 0.011
[2025-02-09 18:51:57] UPDATE
[2025-02-09 18:51:57] RENDER
[2025-02-09 18:51:57] skbidi toilet loves 0.011
[2025-02-09 18:51:57] UPDATE
[2025-02-09 18:51:57] RENDER
[2025-02-09 18:51:57] skbidi toilet loves 0.011
[2025-02-09 18:51:57] UPDATE
[2025-02-09 18:51:57] RENDER
[2025-02-09 18:51:57] skbidi toilet loves 0.011
[2025-02-09 18:51:57] UPDATE
[2025-02-09 18:51:57] RENDER
[2025-02-09 18:51:57] skbidi toilet loves 0.01
[2025-02-09 18:51:57] UPDATE
[2025-02-09 18:51:57] RENDER
[2025-02-09 18:51:57] skbidi toilet loves 0.01
[2025-02-09 18:51:57] UPDATE
[2025-02-09 18:51:57] RENDER
[2025-02-09 18:51:57] skbidi toilet loves 0.011
[2025-02-09 18:51:57] UPDATE
[2025-02-09 18:51:57] RENDER
[2025-02-09 18:51:57] skbidi toilet loves 0.01
[2025-02-09 18:51:57] UPDATE
[2025-02-09 18:51:57] RENDER
[2025-02-09 18:51:57] skbidi toilet loves 0.011
[2025-02-09 18:51:57] UPDATE
[2025-02-09 18:51:57] RENDER
[2025-02-09 18:51:57] skbidi toilet loves 0.011
[2025-02-09 18:51:57] UPDATE
[2025-02-09 18:51:57] RENDER
[2025-02-09 18:51:57] skbidi toilet loves 0.01
[2025-02-09 18:51:57] UPDATE
[2025-02-09 18:51:57] RENDER
[2025-02-09 18:51:57] skbidi toilet loves 0.01
[2025-02-09 18:51:57] UPDATE
[2025-02-09 18:51:58] RENDER
[2025-02-09 18:51:58] skbidi toilet loves 0.011
[2025-02-09 18:51:58] UPDATE
[2025-02-09 18:51:58] RENDER
[2025-02-09 18:51:58] skbidi toilet loves 0.011
[2025-02-09 18:51:58] UPDATE
[2025-02-09 18:51:58] RENDER
[2025-02-09 18:51:58] skbidi toilet loves 0.011
[2025-02-09 18:51:58] UPDATE
[2025-02-09 18:51:58] RENDER
[2025-02-09 18:51:58] skbidi toilet loves 0.01
[2025-02-09 18:51:58] UPDATE
[2025-02-09 18:51:58] RENDER
[2025-02-09 18:51:58] skbidi toilet loves 0.011
[2025-02-09 18:51:58] UPDATE
[2025-02-09 18:51:58] RENDER
[2025-02-09 18:51:58] skbidi toilet loves 0.01
[2025-02-09 18:51:58] UPDATE
[2025-02-09 18:51:58] RENDER
[2025-02-09 18:51:58] skbidi toilet loves 0.011
[2025-02-09 18:51:58] UPDATE
[2025-02-09 18:51:58] RENDER
[2025-02-09 18:51:58] skbidi toilet loves 0.01
[2025-02-09 18:51:58] UPDATE
[2025-02-09 18:51:58] RENDER
[2025-02-09 18:51:58] skbidi toilet loves 0.01
[2025-02-09 18:51:58] UPDATE
[2025-02-09 18:51:58] RENDER
[2025-02-09 18:51:58] skbidi toilet loves 0.011
[2025-02-09 18:51:58] UPDATE
[2025-02-09 18:51:58] RENDER
[2025-02-09 18:51:58] skbidi toilet loves 0.01
[2025-02-09 18:51:58] UPDATE
[2025-02-09 18:51:58] RENDER
[2025-02-09 18:51:58] skbidi toilet loves 0.01
[2025-02-09 18:51:58] UPDATE
[2025-02-09 18:51:58] RENDER
[2025-02-09 18:51:58] skbidi toilet loves 0.01
[2025-02-09 18:51:58] UPDATE
[2025-02-09 18:51:58] RENDER
[2025-02-09 18:51:58] skbidi toilet loves 0.01
[2025-02-09 18:51:58] UPDATE
[2025-02-09 18:51:58] RENDER
[2025-02-09 18:51:58] skbidi toilet loves 0.011
[2025-02-09 18:51:58] UPDATE
[2025-02-09 18:51:58] RENDER
[2025-02-09 18:51:58] skbidi toilet loves 0.01
[2025-02-09 18:51:58] UPDATE
[2025-02-09 18:51:58] RENDER
[2025-02-09 18:51:58] skbidi toilet loves 0.011
[2025-02-09 18:51:58] UPDATE
[2025-02-09 18:51:58] RENDER
[2025-02-09 18:51:58] skbidi toilet loves 0.01
[2025-02-09 18:51:58] UPDATE
[2025-02-09 18:51:58] RENDER
[2025-02-09 18:51:58] skbidi toilet loves 0.011
[2025-02-09 18:51:58] UPDATE
[2025-02-09 18:51:58] RENDER
[2025-02-09 18:51:58] skbidi toilet loves 0.011
[2025-02-09 18:51:58] UPDATE
[2025-02-09 18:51:58] RENDER
[2025-02-09 18:51:58] skbidi toilet loves 0.011
[2025-02-09 18:51:58] UPDATE
[2025-02-09 18:51:58] RENDER
[2025-02-09 18:51:58] skbidi toilet loves 0.01
[2025-02-09 18:51:58] UPDATE
[2025-02-09 18:51:58] RENDER
[2025-02-09 18:51:58] skbidi toilet loves 0.011
[2025-02-09 18:51:58] UPDATE
[2025-02-09 18:51:58] RENDER
[2025-02-09 18:51:58] skbidi toilet loves 0.01
[2025-02-09 18:51:58] UPDATE
[2025-02-09 18:51:58] RENDER
[2025-02-09 18:51:58] skbidi toilet loves 0.01
[2025-02-09 18:51:58] UPDATE
[2025-02-09 18:51:58] RENDER
[2025-02-09 18:51:58] skbidi toilet loves 0.011
[2025-02-09 18:51:58] UPDATE
[2025-02-09 18:51:58] RENDER
[2025-02-09 18:51:58] skbidi toilet loves 0.011
[2025-02-09 18:51:58] UPDATE
[2025-02-09 18:51:58] RENDER
[2025-02-09 18:51:58] skbidi toilet loves 0.011
[2025-02-09 18:51:58] UPDATE
[2025-02-09 18:51:58] RENDER
[2025-02-09 18:51:58] skbidi toilet loves 0.011
[2025-02-09 18:51:58] UPDATE
[2025-02-09 18:51:58] RENDER
[2025-02-09 18:51:58] skbidi toilet loves 0.01
[2025-02-09 18:51:58] UPDATE
[2025-02-09 18:51:58] RENDER
[2025-02-09 18:51:58] skbidi toilet loves 0.01
[2025-02-09 18:51:58] UPDATE
[2025-02-09 18:51:58] RENDER
[2025-02-09 18:51:58] skbidi toilet loves 0.011
[2025-02-09 18:51:58] UPDATE
[2025-02-09 18:51:58] RENDER
[2025-02-09 18:51:58] skbidi toilet loves 0.01
[2025-02-09 18:51:58] UPDATE
[2025-02-09 18:51:58] RENDER
[2025-02-09 18:51:58] skbidi toilet loves 0.01
[2025-02-09 18:51:58] UPDATE
[2025-02-09 18:51:58] RENDER
[2025-02-09 18:51:58] skbidi toilet loves 0.011
[2025-02-09 18:51:58] UPDATE
[2025-02-09 18:51:58] RENDER
[2025-02-09 18:51:58] skbidi toilet loves 0.011
[2025-02-09 18:51:58] UPDATE
[2025-02-09 18:51:58] RENDER
[2025-02-09 18:51:58] skbidi toilet loves 0.011
[2025-02-09 18:51:58] UPDATE
[2025-02-09 18:51:58] RENDER
[2025-02-09 18:51:58] skbidi toilet loves 0.011
[2025-02-09 18:51:58] UPDATE
[2025-02-09 18:51:58] RENDER
[2025-02-09 18:51:58] skbidi toilet loves 0.011
[2025-02-09 18:51:58] UPDATE
[2025-02-09 18:51:58] RENDER
[2025-02-09 18:51:58] skbidi toilet loves 0.01
[2025-02-09 18:51:58] UPDATE
[2025-02-09 18:51:58] RENDER
[2025-02-09 18:51:58] skbidi toilet loves 0.011
[2025-02-09 18:51:58] UPDATE
[2025-02-09 18:51:58] RENDER
[2025-02-09 18:51:58] skbidi toilet loves 0.011
[2025-02-09 18:51:58] UPDATE
[2025-02-09 18:51:58] RENDER
[2025-02-09 18:51:58] skbidi toilet loves 0.011
[2025-02-09 18:51:58] UPDATE
[2025-02-09 18:51:58] RENDER
[2025-02-09 18:51:58] skbidi toilet loves 0.01
[2025-02-09 18:51:58] UPDATE
[2025-02-09 18:51:58] RENDER
[2025-02-09 18:51:58] skbidi toilet loves 0.012
[2025-02-09 18:51:58] ONQUIT
